Analysis & Synthesis report for ALU_final
Thu Nov 17 21:24:03 2022
Quartus II 64-Bit Version 13.1.0 Build 162 10/23/2013 SJ Web Edition


---------------------
; Table of Contents ;
---------------------
  1. Legal Notice
  2. Analysis & Synthesis Summary
  3. Analysis & Synthesis Settings
  4. Parallel Compilation
  5. Analysis & Synthesis Source Files Read
  6. Analysis & Synthesis Resource Usage Summary
  7. Analysis & Synthesis Resource Utilization by Entity
  8. User-Specified and Inferred Latches
  9. General Register Statistics
 10. Parameter Settings for Inferred Entity Instance: ALU:P5|lpm_add_sub:Add0
 11. Elapsed Time Per Partition
 12. Analysis & Synthesis Messages



----------------
; Legal Notice ;
----------------
Copyright (C) 1991-2013 Altera Corporation
Your use of Altera Corporation's design tools, logic functions 
and other software and tools, and its AMPP partner logic 
functions, and any output files from any of the foregoing 
(including device programming or simulation files), and any 
associated documentation or information are expressly subject 
to the terms and conditions of the Altera Program License 
Subscription Agreement, Altera MegaCore Function License 
Agreement, or other applicable license agreement, including, 
without limitation, that your use is for the sole purpose of 
programming logic devices manufactured by Altera and sold by 
Altera or its authorized distributors.  Please refer to the 
applicable agreement for further details.



+---------------------------------------------------------------------------------+
; Analysis & Synthesis Summary                                                    ;
+------------------------------------+--------------------------------------------+
; Analysis & Synthesis Status        ; Successful - Thu Nov 17 21:24:03 2022      ;
; Quartus II 64-Bit Version          ; 13.1.0 Build 162 10/23/2013 SJ Web Edition ;
; Revision Name                      ; ALU_final                                  ;
; Top-level Entity Name              ; ALU_final                                  ;
; Family                             ; Cyclone III                                ;
; Total logic elements               ; 92                                         ;
;     Total combinational functions  ; 92                                         ;
;     Dedicated logic registers      ; 0                                          ;
; Total registers                    ; 0                                          ;
; Total pins                         ; 51                                         ;
; Total virtual pins                 ; 0                                          ;
; Total memory bits                  ; 0                                          ;
; Embedded Multiplier 9-bit elements ; 0                                          ;
; Total PLLs                         ; 0                                          ;
+------------------------------------+--------------------------------------------+


+----------------------------------------------------------------------------------------------------------------------+
; Analysis & Synthesis Settings                                                                                        ;
+----------------------------------------------------------------------------+--------------------+--------------------+
; Option                                                                     ; Setting            ; Default Value      ;
+----------------------------------------------------------------------------+--------------------+--------------------+
; Device                                                                     ; EP3C16F484C6       ;                    ;
; Top-level entity name                                                      ; ALU_final          ; ALU_final          ;
; Family name                                                                ; Cyclone III        ; Cyclone IV GX      ;
; Use smart compilation                                                      ; Off                ; Off                ;
; Enable parallel Assembler and TimeQuest Timing Analyzer during compilation ; On                 ; On                 ;
; Enable compact report table                                                ; Off                ; Off                ;
; Restructure Multiplexers                                                   ; Auto               ; Auto               ;
; Create Debugging Nodes for IP Cores                                        ; Off                ; Off                ;
; Preserve fewer node names                                                  ; On                 ; On                 ;
; Disable OpenCore Plus hardware evaluation                                  ; Off                ; Off                ;
; Verilog Version                                                            ; Verilog_2001       ; Verilog_2001       ;
; VHDL Version                                                               ; VHDL_1993          ; VHDL_1993          ;
; State Machine Processing                                                   ; Auto               ; Auto               ;
; Safe State Machine                                                         ; Off                ; Off                ;
; Extract Verilog State Machines                                             ; On                 ; On                 ;
; Extract VHDL State Machines                                                ; On                 ; On                 ;
; Ignore Verilog initial constructs                                          ; Off                ; Off                ;
; Iteration limit for constant Verilog loops                                 ; 5000               ; 5000               ;
; Iteration limit for non-constant Verilog loops                             ; 250                ; 250                ;
; Add Pass-Through Logic to Inferred RAMs                                    ; On                 ; On                 ;
; Infer RAMs from Raw Logic                                                  ; On                 ; On                 ;
; Parallel Synthesis                                                         ; On                 ; On                 ;
; DSP Block Balancing                                                        ; Auto               ; Auto               ;
; NOT Gate Push-Back                                                         ; On                 ; On                 ;
; Power-Up Don't Care                                                        ; On                 ; On                 ;
; Remove Redundant Logic Cells                                               ; Off                ; Off                ;
; Remove Duplicate Registers                                                 ; On                 ; On                 ;
; Ignore CARRY Buffers                                                       ; Off                ; Off                ;
; Ignore CASCADE Buffers                                                     ; Off                ; Off                ;
; Ignore GLOBAL Buffers                                                      ; Off                ; Off                ;
; Ignore ROW GLOBAL Buffers                                                  ; Off                ; Off                ;
; Ignore LCELL Buffers                                                       ; Off                ; Off                ;
; Ignore SOFT Buffers                                                        ; On                 ; On                 ;
; Limit AHDL Integers to 32 Bits                                             ; Off                ; Off                ;
; Optimization Technique                                                     ; Balanced           ; Balanced           ;
; Carry Chain Length                                                         ; 70                 ; 70                 ;
; Auto Carry Chains                                                          ; On                 ; On                 ;
; Auto Open-Drain Pins                                                       ; On                 ; On                 ;
; Perform WYSIWYG Primitive Resynthesis                                      ; Off                ; Off                ;
; Auto ROM Replacement                                                       ; On                 ; On                 ;
; Auto RAM Replacement                                                       ; On                 ; On                 ;
; Auto DSP Block Replacement                                                 ; On                 ; On                 ;
; Auto Shift Register Replacement                                            ; Auto               ; Auto               ;
; Allow Shift Register Merging across Hierarchies                            ; Auto               ; Auto               ;
; Auto Clock Enable Replacement                                              ; On                 ; On                 ;
; Strict RAM Replacement                                                     ; Off                ; Off                ;
; Allow Synchronous Control Signals                                          ; On                 ; On                 ;
; Force Use of Synchronous Clear Signals                                     ; Off                ; Off                ;
; Auto RAM Block Balancing                                                   ; On                 ; On                 ;
; Auto RAM to Logic Cell Conversion                                          ; Off                ; Off                ;
; Auto Resource Sharing                                                      ; Off                ; Off                ;
; Allow Any RAM Size For Recognition                                         ; Off                ; Off                ;
; Allow Any ROM Size For Recognition                                         ; Off                ; Off                ;
; Allow Any Shift Register Size For Recognition                              ; Off                ; Off                ;
; Use LogicLock Constraints during Resource Balancing                        ; On                 ; On                 ;
; Ignore translate_off and synthesis_off directives                          ; Off                ; Off                ;
; Timing-Driven Synthesis                                                    ; On                 ; On                 ;
; Report Parameter Settings                                                  ; On                 ; On                 ;
; Report Source Assignments                                                  ; On                 ; On                 ;
; Report Connectivity Checks                                                 ; On                 ; On                 ;
; Ignore Maximum Fan-Out Assignments                                         ; Off                ; Off                ;
; Synchronization Register Chain Length                                      ; 2                  ; 2                  ;
; PowerPlay Power Optimization                                               ; Normal compilation ; Normal compilation ;
; HDL message level                                                          ; Level2             ; Level2             ;
; Suppress Register Optimization Related Messages                            ; Off                ; Off                ;
; Number of Removed Registers Reported in Synthesis Report                   ; 5000               ; 5000               ;
; Number of Swept Nodes Reported in Synthesis Report                         ; 5000               ; 5000               ;
; Number of Inverted Registers Reported in Synthesis Report                  ; 100                ; 100                ;
; Clock MUX Protection                                                       ; On                 ; On                 ;
; Auto Gated Clock Conversion                                                ; Off                ; Off                ;
; Block Design Naming                                                        ; Auto               ; Auto               ;
; SDC constraint protection                                                  ; Off                ; Off                ;
; Synthesis Effort                                                           ; Auto               ; Auto               ;
; Shift Register Replacement - Allow Asynchronous Clear Signal               ; On                 ; On                 ;
; Pre-Mapping Resynthesis Optimization                                       ; Off                ; Off                ;
; Analysis & Synthesis Message Level                                         ; Medium             ; Medium             ;
; Disable Register Merging Across Hierarchies                                ; Auto               ; Auto               ;
; Resource Aware Inference For Block RAM                                     ; On                 ; On                 ;
; Synthesis Seed                                                             ; 1                  ; 1                  ;
+----------------------------------------------------------------------------+--------------------+--------------------+


+------------------------------------------+
; Parallel Compilation                     ;
+----------------------------+-------------+
; Processors                 ; Number      ;
+----------------------------+-------------+
; Number detected on machine ; 2           ;
; Maximum allowed            ; 2           ;
;                            ;             ;
; Average used               ; 1.00        ;
; Maximum used               ; 1           ;
;                            ;             ;
; Usage by Processor         ; % Time Used ;
;     Processor 1            ; 100.0%      ;
;     Processor 2            ;   0.0%      ;
+----------------------------+-------------+


+--------------------------------------------------------------------------------------------------------------------------------------------------------------------------------+
; Analysis & Synthesis Source Files Read                                                                                                                                         ;
+------------------------------------------------+-----------------+------------------------------+--------------------------------------------------------------------+---------+
; File Name with User-Entered Path               ; Used in Netlist ; File Type                    ; File Name with Absolute Path                                       ; Library ;
+------------------------------------------------+-----------------+------------------------------+--------------------------------------------------------------------+---------+
; ../../PruebaMemoria/Decodificador/DecoHex7.vhd ; yes             ; User VHDL File               ; D:/QUARTUS/ALU_final/PruebaMemoria/Decodificador/DecoHex7.vhd      ;         ;
; ../ALU/ALU.vhd                                 ; yes             ; User VHDL File               ; D:/QUARTUS/ALU_final/PruebaALU/ALU/ALU.vhd                         ;         ;
; ALU_final.vhd                                  ; yes             ; User VHDL File               ; D:/QUARTUS/ALU_final/PruebaALU/ALU_final/ALU_final.vhd             ;         ;
; lpm_add_sub.tdf                                ; yes             ; Megafunction                 ; d:/quartus/quartus/libraries/megafunctions/lpm_add_sub.tdf         ;         ;
; addcore.inc                                    ; yes             ; Megafunction                 ; d:/quartus/quartus/libraries/megafunctions/addcore.inc             ;         ;
; look_add.inc                                   ; yes             ; Megafunction                 ; d:/quartus/quartus/libraries/megafunctions/look_add.inc            ;         ;
; bypassff.inc                                   ; yes             ; Megafunction                 ; d:/quartus/quartus/libraries/megafunctions/bypassff.inc            ;         ;
; altshift.inc                                   ; yes             ; Megafunction                 ; d:/quartus/quartus/libraries/megafunctions/altshift.inc            ;         ;
; alt_stratix_add_sub.inc                        ; yes             ; Megafunction                 ; d:/quartus/quartus/libraries/megafunctions/alt_stratix_add_sub.inc ;         ;
; aglobal131.inc                                 ; yes             ; Megafunction                 ; d:/quartus/quartus/libraries/megafunctions/aglobal131.inc          ;         ;
; db/add_sub_4ti.tdf                             ; yes             ; Auto-Generated Megafunction  ; D:/QUARTUS/ALU_final/PruebaALU/ALU_final/db/add_sub_4ti.tdf        ;         ;
+------------------------------------------------+-----------------+------------------------------+--------------------------------------------------------------------+---------+


+----------------------------------------------------------+
; Analysis & Synthesis Resource Usage Summary              ;
+---------------------------------------------+------------+
; Resource                                    ; Usage      ;
+---------------------------------------------+------------+
; Estimated Total logic elements              ; 92         ;
;                                             ;            ;
; Total combinational functions               ; 92         ;
; Logic element usage by number of LUT inputs ;            ;
;     -- 4 input functions                    ; 44         ;
;     -- 3 input functions                    ; 42         ;
;     -- <=2 input functions                  ; 6          ;
;                                             ;            ;
; Logic elements by mode                      ;            ;
;     -- normal mode                          ; 62         ;
;     -- arithmetic mode                      ; 30         ;
;                                             ;            ;
; Total registers                             ; 0          ;
;     -- Dedicated logic registers            ; 0          ;
;     -- I/O registers                        ; 0          ;
;                                             ;            ;
; I/O pins                                    ; 51         ;
; Embedded Multiplier 9-bit elements          ; 0          ;
; Maximum fan-out node                        ; A[7]~input ;
; Maximum fan-out                             ; 13         ;
; Total fan-out                               ; 396        ;
; Average fan-out                             ; 2.04       ;
+---------------------------------------------+------------+


+----------------------------------------------------------------------------------------------------------------------------------------------------------------------------------------------------------------------------------+
; Analysis & Synthesis Resource Utilization by Entity                                                                                                                                                                              ;
+---------------------------------------+-------------------+--------------+-------------+--------------+---------+-----------+------+--------------+---------------------------------------------------------------+--------------+
; Compilation Hierarchy Node            ; LC Combinationals ; LC Registers ; Memory Bits ; DSP Elements ; DSP 9x9 ; DSP 18x18 ; Pins ; Virtual Pins ; Full Hierarchy Name                                           ; Library Name ;
+---------------------------------------+-------------------+--------------+-------------+--------------+---------+-----------+------+--------------+---------------------------------------------------------------+--------------+
; |ALU_final                            ; 92 (0)            ; 0 (0)        ; 0           ; 0            ; 0       ; 0         ; 51   ; 0            ; |ALU_final                                                    ; work         ;
;    |ALU:P5|                           ; 64 (46)           ; 0 (0)        ; 0           ; 0            ; 0       ; 0         ; 0    ; 0            ; |ALU_final|ALU:P5                                             ; work         ;
;       |lpm_add_sub:Add0|              ; 18 (0)            ; 0 (0)        ; 0           ; 0            ; 0       ; 0         ; 0    ; 0            ; |ALU_final|ALU:P5|lpm_add_sub:Add0                            ; work         ;
;          |add_sub_4ti:auto_generated| ; 18 (18)           ; 0 (0)        ; 0           ; 0            ; 0       ; 0         ; 0    ; 0            ; |ALU_final|ALU:P5|lpm_add_sub:Add0|add_sub_4ti:auto_generated ; work         ;
;    |DecoHex7:P1|                      ; 7 (7)             ; 0 (0)        ; 0           ; 0            ; 0       ; 0         ; 0    ; 0            ; |ALU_final|DecoHex7:P1                                        ; work         ;
;    |DecoHex7:P2|                      ; 7 (7)             ; 0 (0)        ; 0           ; 0            ; 0       ; 0         ; 0    ; 0            ; |ALU_final|DecoHex7:P2                                        ; work         ;
;    |DecoHex7:P3|                      ; 7 (7)             ; 0 (0)        ; 0           ; 0            ; 0       ; 0         ; 0    ; 0            ; |ALU_final|DecoHex7:P3                                        ; work         ;
;    |DecoHex7:P4|                      ; 7 (7)             ; 0 (0)        ; 0           ; 0            ; 0       ; 0         ; 0    ; 0            ; |ALU_final|DecoHex7:P4                                        ; work         ;
+---------------------------------------+-------------------+--------------+-------------+--------------+---------+-----------+------+--------------+---------------------------------------------------------------+--------------+
Note: For table entries with two numbers listed, the numbers in parentheses indicate the number of resources of the given type used by the specific entity alone. The numbers listed outside of parentheses indicate the total resources of the given type used by the specific entity and all of its sub-entities in the hierarchy.


+----------------------------------------------------------------------------------------------------+
; User-Specified and Inferred Latches                                                                ;
+-----------------------------------------------------+---------------------+------------------------+
; Latch Name                                          ; Latch Enable Signal ; Free of Timing Hazards ;
+-----------------------------------------------------+---------------------+------------------------+
; ALU:P5|Result[4]                                    ; ALU:P5|Result[7]    ; yes                    ;
; ALU:P5|Result[5]                                    ; ALU:P5|Result[7]    ; yes                    ;
; ALU:P5|Result[6]                                    ; ALU:P5|Result[7]    ; yes                    ;
; ALU:P5|Result[7]                                    ; ALU:P5|Result[7]    ; yes                    ;
; ALU:P5|Result[0]                                    ; ALU:P5|Result[7]    ; yes                    ;
; ALU:P5|Result[1]                                    ; ALU:P5|Result[7]    ; yes                    ;
; ALU:P5|Result[2]                                    ; ALU:P5|Result[7]    ; yes                    ;
; ALU:P5|Result[3]                                    ; ALU:P5|Result[7]    ; yes                    ;
; ALU:P5|NZVC[0]                                      ; ALU:P5|Result[7]    ; yes                    ;
; ALU:P5|NZVC[1]                                      ; ALU:P5|NZVC[1]      ; yes                    ;
; ALU:P5|NZVC[2]                                      ; ALU:P5|Result[7]    ; yes                    ;
; ALU:P5|NZVC[3]                                      ; ALU:P5|Result[7]    ; yes                    ;
; Number of user-specified and inferred latches = 12  ;                     ;                        ;
+-----------------------------------------------------+---------------------+------------------------+
Note: All latches listed above may not be present at the end of synthesis due to various synthesis optimizations.


+------------------------------------------------------+
; General Register Statistics                          ;
+----------------------------------------------+-------+
; Statistic                                    ; Value ;
+----------------------------------------------+-------+
; Total registers                              ; 0     ;
; Number of registers using Synchronous Clear  ; 0     ;
; Number of registers using Synchronous Load   ; 0     ;
; Number of registers using Asynchronous Clear ; 0     ;
; Number of registers using Asynchronous Load  ; 0     ;
; Number of registers using Clock Enable       ; 0     ;
; Number of registers using Preset             ; 0     ;
+----------------------------------------------+-------+


+--------------------------------------------------------------------------+
; Parameter Settings for Inferred Entity Instance: ALU:P5|lpm_add_sub:Add0 ;
+------------------------+-------------+-----------------------------------+
; Parameter Name         ; Value       ; Type                              ;
+------------------------+-------------+-----------------------------------+
; LPM_WIDTH              ; 9           ; Untyped                           ;
; LPM_REPRESENTATION     ; UNSIGNED    ; Untyped                           ;
; LPM_DIRECTION          ; DEFAULT     ; Untyped                           ;
; ONE_INPUT_IS_CONSTANT  ; NO          ; Untyped                           ;
; LPM_PIPELINE           ; 0           ; Untyped                           ;
; MAXIMIZE_SPEED         ; 5           ; Untyped                           ;
; REGISTERED_AT_END      ; 0           ; Untyped                           ;
; OPTIMIZE_FOR_SPEED     ; 5           ; Untyped                           ;
; USE_CS_BUFFERS         ; 1           ; Untyped                           ;
; CARRY_CHAIN            ; MANUAL      ; Untyped                           ;
; CARRY_CHAIN_LENGTH     ; 48          ; CARRY_CHAIN_LENGTH                ;
; DEVICE_FAMILY          ; Cyclone III ; Untyped                           ;
; USE_WYS                ; OFF         ; Untyped                           ;
; STYLE                  ; FAST        ; Untyped                           ;
; CBXI_PARAMETER         ; add_sub_4ti ; Untyped                           ;
; AUTO_CARRY_CHAINS      ; ON          ; AUTO_CARRY                        ;
; IGNORE_CARRY_BUFFERS   ; OFF         ; IGNORE_CARRY                      ;
; AUTO_CASCADE_CHAINS    ; ON          ; AUTO_CASCADE                      ;
; IGNORE_CASCADE_BUFFERS ; OFF         ; IGNORE_CASCADE                    ;
+------------------------+-------------+-----------------------------------+
Note: In order to hide this table in the UI and the text report file, please set the "Show Parameter Settings in Synthesis Report" option in "Analysis and Synthesis Settings -> More Settings" to "Off".


+-------------------------------+
; Elapsed Time Per Partition    ;
+----------------+--------------+
; Partition Name ; Elapsed Time ;
+----------------+--------------+
; Top            ; 00:00:01     ;
+----------------+--------------+


+-------------------------------+
; Analysis & Synthesis Messages ;
+-------------------------------+
Info: *******************************************************************
Info: Running Quartus II 64-Bit Analysis & Synthesis
    Info: Version 13.1.0 Build 162 10/23/2013 SJ Web Edition
    Info: Processing started: Thu Nov 17 21:23:58 2022
Info: Command: quartus_map --read_settings_files=on --write_settings_files=off ALU_final -c ALU_final
Info (20030): Parallel compilation is enabled and will use 2 of the 2 processors detected
Info (12021): Found 2 design units, including 1 entities, in source file /quartus/alu_final/pruebamemoria/decodificador/decohex7.vhd
    Info (12022): Found design unit 1: DecoHex7-DecoHex7_arch
    Info (12023): Found entity 1: DecoHex7
Info (12021): Found 2 design units, including 1 entities, in source file /quartus/alu_final/pruebaalu/alu/alu.vhd
    Info (12022): Found design unit 1: ALU-ALU_arch
    Info (12023): Found entity 1: ALU
Info (12021): Found 2 design units, including 1 entities, in source file alu_final.vhd
    Info (12022): Found design unit 1: ALU_final-ALU_final_arch
    Info (12023): Found entity 1: ALU_final
Info (12127): Elaborating entity "ALU_final" for the top level hierarchy
Info (12128): Elaborating entity "DecoHex7" for hierarchy "DecoHex7:P1"
Info (12128): Elaborating entity "ALU" for hierarchy "ALU:P5"
Warning (10631): VHDL Process Statement warning at ALU.vhd(20): inferring latch(es) for signal or variable "Result", which holds its previous value in one or more paths through the process
Warning (10631): VHDL Process Statement warning at ALU.vhd(20): inferring latch(es) for signal or variable "NZVC", which holds its previous value in one or more paths through the process
Info (10041): Inferred latch for "NZVC[0]" at ALU.vhd(20)
Info (10041): Inferred latch for "NZVC[1]" at ALU.vhd(20)
Info (10041): Inferred latch for "NZVC[2]" at ALU.vhd(20)
Info (10041): Inferred latch for "NZVC[3]" at ALU.vhd(20)
Info (10041): Inferred latch for "Result[0]" at ALU.vhd(20)
Info (10041): Inferred latch for "Result[1]" at ALU.vhd(20)
Info (10041): Inferred latch for "Result[2]" at ALU.vhd(20)
Info (10041): Inferred latch for "Result[3]" at ALU.vhd(20)
Info (10041): Inferred latch for "Result[4]" at ALU.vhd(20)
Info (10041): Inferred latch for "Result[5]" at ALU.vhd(20)
Info (10041): Inferred latch for "Result[6]" at ALU.vhd(20)
Info (10041): Inferred latch for "Result[7]" at ALU.vhd(20)
Info (278001): Inferred 1 megafunctions from design logic
    Info (278002): Inferred adder/subtractor megafunction ("lpm_add_sub") from the following logic: "ALU:P5|Add0"
Info (12130): Elaborated megafunction instantiation "ALU:P5|lpm_add_sub:Add0"
Info (12133): Instantiated megafunction "ALU:P5|lpm_add_sub:Add0" with the following parameter:
    Info (12134): Parameter "LPM_WIDTH" = "9"
    Info (12134): Parameter "LPM_DIRECTION" = "DEFAULT"
    Info (12134): Parameter "LPM_REPRESENTATION" = "UNSIGNED"
    Info (12134): Parameter "ONE_INPUT_IS_CONSTANT" = "NO"
Info (12021): Found 1 design units, including 1 entities, in source file db/add_sub_4ti.tdf
    Info (12023): Found entity 1: add_sub_4ti
Info (13025): Duplicate LATCH primitives merged into single LATCH primitive
    Info (13026): Duplicate LATCH primitive "ALU:P5|NZVC[3]" merged with LATCH primitive "ALU:P5|Result[7]"
Warning (13012): Latch ALU:P5|NZVC[1] has unsafe behavior
    Warning (13013): Ports D and ENA on the latch are fed by the same signal ALU_Sel[0]
Warning (13012): Latch ALU:P5|NZVC[2] has unsafe behavior
    Warning (13013): Ports D and ENA on the latch are fed by the same signal ALU_Sel[1]
Info (286030): Timing-Driven Synthesis is running
Info (16010): Generating hard_block partition "hard_block:auto_generated_inst"
    Info (16011): Adding 0 node(s), including 0 DDIO, 0 PLL, 0 transceiver and 0 LCELL
Info (21057): Implemented 143 device resources after synthesis - the final resource count might be different
    Info (21058): Implemented 19 input pins
    Info (21059): Implemented 32 output pins
    Info (21061): Implemented 92 logic cells
Info: Quartus II 64-Bit Analysis & Synthesis was successful. 0 errors, 6 warnings
    Info: Peak virtual memory: 4670 megabytes
    Info: Processing ended: Thu Nov 17 21:24:03 2022
    Info: Elapsed time: 00:00:05
    Info: Total CPU time (on all processors): 00:00:04


